#
# There is insufficient memory for the Java Runtime Environment to continue.
# Native memory allocation (malloc) failed to allocate 456736 bytes for Chunk::new
# Possible reasons:
#   The system is out of physical RAM or swap space
#   The process is running with CompressedOops enabled, and the Java Heap may be blocking the growth of the native heap
# Possible solutions:
#   Reduce memory load on the system
#   Increase physical memory or swap space
#   Check if swap backing store is full
#   Decrease Java heap size (-Xmx/-Xms)
#   Decrease number of Java threads
#   Decrease Java thread stack sizes (-Xss)
#   Set larger code cache with -XX:ReservedCodeCacheSize=
#   JVM is running with Unscaled Compressed Oops mode in which the Java heap is
#     placed in the first 4GB address space. The Java Heap base address is the
#     maximum limit for the native heap growth. Please use -XX:HeapBaseMinAddress
#     to set the Java Heap base and to place the Java Heap above 4GB virtual address.
# This output file may be truncated or incomplete.
#
#  Out of Memory Error (arena.cpp:189), pid=5576, tid=16772
#
# JRE version: OpenJDK Runtime Environment Temurin-17.0.7+7 (17.0.7+7) (build 17.0.7+7)
# Java VM: OpenJDK 64-Bit Server VM Temurin-17.0.7+7 (17.0.7+7, mixed mode, tiered, compressed oops, compressed class ptrs, parallel gc, windows-amd64)
# No core dump will be written. Minidumps are not enabled by default on client versions of Windows
#

---------------  S U M M A R Y ------------

Command Line: --add-modules=ALL-SYSTEM --add-opens=java.base/java.util=ALL-UNNAMED --add-opens=java.base/java.lang=ALL-UNNAMED --add-opens=java.base/sun.nio.fs=ALL-UNNAMED -Declipse.application=org.eclipse.jdt.ls.core.id1 -Dosgi.bundles.defaultStartLevel=4 -Declipse.product=org.eclipse.jdt.ls.core.product -Djava.import.generatesMetadataFilesAtProjectRoot=false -Dfile.encoding=utf8 -XX:+UseParallelGC -XX:GCTimeRatio=4 -XX:AdaptiveSizePolicyWeight=90 -Dsun.zip.disableMemoryMapping=true -Xmx1G -Xms100m -Xlog:disable -javaagent:c:\Users\Guille\.vscode\extensions\redhat.java-1.19.0-win32-x64\lombok\lombok-1.18.28.jar -XX:+HeapDumpOnOutOfMemoryError -XX:HeapDumpPath=c:\Users\Guille\AppData\Roaming\Code\User\workspaceStorage\18b49e71bce68521c355dde5f143f37c\redhat.java -Daether.dependencyCollector.impl=bf c:\Users\Guille\.vscode\extensions\redhat.java-1.19.0-win32-x64\server\plugins\org.eclipse.equinox.launcher_1.6.400.v20210924-0641.jar -configuration c:\Users\Guille\AppData\Roaming\Code\User\globalStorage\redhat.java\1.19.0\config_win -data c:\Users\Guille\AppData\Roaming\Code\User\workspaceStorage\18b49e71bce68521c355dde5f143f37c\redhat.java\jdt_ws

Host: Intel(R) Core(TM) i5-3570K CPU @ 3.40GHz, 4 cores, 15G,  Windows 10 , 64 bit Build 19041 (10.0.19041.3031)
Time: Mon Jun 26 19:57:00 2023 Hora estándar de Argentina elapsed time: 2.187256 seconds (0d 0h 0m 2s)

---------------  T H R E A D  ---------------

Current thread (0x0000012f200417d0):  JavaThread "C2 CompilerThread0" daemon [_thread_in_native, id=16772, stack(0x000000204c100000,0x000000204c200000)]


Current CompileTask:
C2:   2187  655   !   4       java.util.jar.Attributes::read (498 bytes)

Stack: [0x000000204c100000,0x000000204c200000]
Native frames: (J=compiled Java code, j=interpreted, Vv=VM code, C=native code)
V  [jvm.dll+0x67754a]
V  [jvm.dll+0x834304]
V  [jvm.dll+0x835aae]
V  [jvm.dll+0x836113]
V  [jvm.dll+0x24696f]
V  [jvm.dll+0xac0ac]
V  [jvm.dll+0xac67c]
V  [jvm.dll+0x364e37]
V  [jvm.dll+0x1bcc02]
V  [jvm.dll+0x219799]
V  [jvm.dll+0x218a61]
V  [jvm.dll+0x1a4d8d]
V  [jvm.dll+0x2284da]
V  [jvm.dll+0x226615]
V  [jvm.dll+0x7ea90b]
V  [jvm.dll+0x7e4e7a]
V  [jvm.dll+0x676395]
C  [ucrtbase.dll+0x21bb2]
C  [KERNEL32.DLL+0x17614]
C  [ntdll.dll+0x526f1]


---------------  P R O C E S S  ---------------

Threads class SMR info:
_java_thread_list=0x0000012f2550f110, length=13, elements={
0x0000012f0a271da0, 0x0000012f1ffe3750, 0x0000012f1ffe45c0, 0x0000012f2000e270,
0x0000012f2000eff0, 0x0000012f200106d0, 0x0000012f200160a0, 0x0000012f200417d0,
0x0000012f20043100, 0x0000012f20044290, 0x0000012f253059b0, 0x0000012f25503320,
0x0000012f25500be0
}

Java Threads: ( => current thread )
  0x0000012f0a271da0 JavaThread "main" [_thread_in_Java, id=13744, stack(0x000000204b800000,0x000000204b900000)]
  0x0000012f1ffe3750 JavaThread "Reference Handler" daemon [_thread_blocked, id=10940, stack(0x000000204bb00000,0x000000204bc00000)]
  0x0000012f1ffe45c0 JavaThread "Finalizer" daemon [_thread_blocked, id=2560, stack(0x000000204bc00000,0x000000204bd00000)]
  0x0000012f2000e270 JavaThread "Signal Dispatcher" daemon [_thread_blocked, id=2508, stack(0x000000204bd00000,0x000000204be00000)]
  0x0000012f2000eff0 JavaThread "Attach Listener" daemon [_thread_blocked, id=18276, stack(0x000000204be00000,0x000000204bf00000)]
  0x0000012f200106d0 JavaThread "Service Thread" daemon [_thread_blocked, id=19448, stack(0x000000204bf00000,0x000000204c000000)]
  0x0000012f200160a0 JavaThread "Monitor Deflation Thread" daemon [_thread_blocked, id=9164, stack(0x000000204c000000,0x000000204c100000)]
=>0x0000012f200417d0 JavaThread "C2 CompilerThread0" daemon [_thread_in_native, id=16772, stack(0x000000204c100000,0x000000204c200000)]
  0x0000012f20043100 JavaThread "C1 CompilerThread0" daemon [_thread_blocked, id=8224, stack(0x000000204c200000,0x000000204c300000)]
  0x0000012f20044290 JavaThread "Sweeper thread" daemon [_thread_blocked, id=6304, stack(0x000000204c300000,0x000000204c400000)]
  0x0000012f253059b0 JavaThread "Common-Cleaner" daemon [_thread_blocked, id=13360, stack(0x000000204c400000,0x000000204c500000)]
  0x0000012f25503320 JavaThread "Notification Thread" daemon [_thread_blocked, id=10388, stack(0x000000204c500000,0x000000204c600000)]
  0x0000012f25500be0 JavaThread "C2 CompilerThread1" daemon [_thread_blocked, id=16076, stack(0x000000204c700000,0x000000204c800000)]

Other Threads:
  0x0000012f1ffcd8c0 VMThread "VM Thread" [stack: 0x000000204ba00000,0x000000204bb00000] [id=5960]
  0x0000012f255037f0 WatcherThread [stack: 0x000000204c600000,0x000000204c700000] [id=8144]
  0x0000012f0a2895f0 GCTaskThread "GC Thread#0" [stack: 0x000000204b900000,0x000000204ba00000] [id=444]

Threads with active compile tasks:
C2 CompilerThread0     2239  655   !   4       java.util.jar.Attributes::read (498 bytes)

VM state: not at safepoint (normal execution)

VM Mutex/Monitor currently owned by a thread: None

Heap address: 0x00000000c0000000, size: 1024 MB, Compressed Oops mode: 32-bit

CDS archive(s) not mapped
Compressed class space mapped at: 0x0000000100000000-0x0000000140000000, reserved size: 1073741824
Narrow klass base: 0x0000000000000000, Narrow klass shift: 3, Narrow klass range: 0x140000000

GC Precious Log:
 CPUs: 4 total, 4 available
 Memory: 16259M
 Large Page Support: Disabled
 NUMA Support: Disabled
 Compressed Oops: Enabled (32-bit)
 Alignments: Space 512K, Generation 512K, Heap 2M
 Heap Min Capacity: 100M
 Heap Initial Capacity: 100M
 Heap Max Capacity: 1G
 Pre-touch: Disabled
 Parallel Workers: 4

Heap:
 PSYoungGen      total 29696K, used 16498K [0x00000000eab00000, 0x00000000ecc00000, 0x0000000100000000)
  eden space 25600K, 64% used [0x00000000eab00000,0x00000000ebb1c8b0,0x00000000ec400000)
  from space 4096K, 0% used [0x00000000ec800000,0x00000000ec800000,0x00000000ecc00000)
  to   space 4096K, 0% used [0x00000000ec400000,0x00000000ec400000,0x00000000ec800000)
 ParOldGen       total 68608K, used 0K [0x00000000c0000000, 0x00000000c4300000, 0x00000000eab00000)
  object space 68608K, 0% used [0x00000000c0000000,0x00000000c0000000,0x00000000c4300000)
 Metaspace       used 9367K, committed 9536K, reserved 1114112K
  class space    used 925K, committed 960K, reserved 1048576K

Card table byte_map: [0x0000012f1d8c0000,0x0000012f1dad0000] _byte_map_base: 0x0000012f1d2c0000

Marking Bits: (ParMarkBitMap*) 0x00007fff5ffd52c0
 Begin Bits: [0x0000012f1dc30000, 0x0000012f1ec30000)
 End Bits:   [0x0000012f1ec30000, 0x0000012f1fc30000)

Polling page: 0x0000012f0a340000

Metaspace:

Usage:
  Non-class:      8.24 MB used.
      Class:    925.33 KB used.
       Both:      9.15 MB used.

Virtual space:
  Non-class space:       64.00 MB reserved,       8.38 MB ( 13%) committed,  1 nodes.
      Class space:        1.00 GB reserved,     960.00 KB ( <1%) committed,  1 nodes.
             Both:        1.06 GB reserved,       9.31 MB ( <1%) committed. 

Chunk freelists:
   Non-Class:  6.86 MB
       Class:  15.09 MB
        Both:  21.95 MB

MaxMetaspaceSize: unlimited
CompressedClassSpaceSize: 1.00 GB
Initial GC threshold: 21.00 MB
Current GC threshold: 21.00 MB
CDS: off
MetaspaceReclaimPolicy: balanced
 - commit_granule_bytes: 65536.
 - commit_granule_words: 8192.
 - virtual_space_node_default_size: 8388608.
 - enlarge_chunks_in_place: 1.
 - new_chunks_are_fully_committed: 0.
 - uncommit_free_chunks: 1.
 - use_allocation_guard: 0.
 - handle_deallocations: 1.


Internal statistics:

num_allocs_failed_limit: 0.
num_arena_births: 16.
num_arena_deaths: 0.
num_vsnodes_births: 2.
num_vsnodes_deaths: 0.
num_space_committed: 149.
num_space_uncommitted: 0.
num_chunks_returned_to_freelist: 0.
num_chunks_taken_from_freelist: 56.
num_chunk_merges: 0.
num_chunk_splits: 31.
num_chunks_enlarged: 23.
num_inconsistent_stats: 0.

CodeHeap 'non-profiled nmethods': size=120000Kb used=276Kb max_used=276Kb free=119723Kb
 bounds [0x0000012f161a0000, 0x0000012f16410000, 0x0000012f1d6d0000]
CodeHeap 'profiled nmethods': size=120000Kb used=1139Kb max_used=1139Kb free=118861Kb
 bounds [0x0000012f0e6d0000, 0x0000012f0e940000, 0x0000012f15c00000]
CodeHeap 'non-nmethods': size=5760Kb used=1135Kb max_used=1165Kb free=4624Kb
 bounds [0x0000012f15c00000, 0x0000012f15e70000, 0x0000012f161a0000]
 total_blobs=1133 nmethods=708 adapters=340
 compilation: enabled
              stopped_count=0, restarted_count=0
 full_count=0

Compilation events (20 events):
Event: 2.145 Thread 0x0000012f20043100  678       3       jdk.internal.misc.Unsafe::getLongUnaligned (12 bytes)
Event: 2.145 Thread 0x0000012f20043100 nmethod 678 0x0000012f0e7d5390 code [0x0000012f0e7d5540, 0x0000012f0e7d5728]
Event: 2.145 Thread 0x0000012f20043100  679       3       java.lang.invoke.VarHandleGuards::guard_LI_J (78 bytes)
Event: 2.146 Thread 0x0000012f20043100 nmethod 679 0x0000012f0e7d5810 code [0x0000012f0e7d5b40, 0x0000012f0e7d76c8]
Event: 2.147 Thread 0x0000012f20043100  681       3       java.lang.invoke.VarHandleByteArrayAsLongs$ArrayHandle::get (36 bytes)
Event: 2.147 Thread 0x0000012f20043100 nmethod 681 0x0000012f0e7d7f10 code [0x0000012f0e7d8100, 0x0000012f0e7d8618]
Event: 2.147 Thread 0x0000012f20043100  684       3       java.lang.Long::reverseBytes (46 bytes)
Event: 2.147 Thread 0x0000012f20043100 nmethod 684 0x0000012f0e7d8810 code [0x0000012f0e7d89a0, 0x0000012f0e7d8af8]
Event: 2.152 Thread 0x0000012f20043100  686       3       sun.security.provider.SHA5::implCompress0 (346 bytes)
Event: 2.152 Thread 0x0000012f25500be0 nmethod 656 0x0000012f161dfa10 code [0x0000012f161dfc40, 0x0000012f161e0d80]
Event: 2.152 Thread 0x0000012f25500be0  663       4       sun.security.provider.SHA2::implCompress0 (490 bytes)
Event: 2.152 Thread 0x0000012f20043100 nmethod 686 0x0000012f0e7d8b90 code [0x0000012f0e7d8de0, 0x0000012f0e7d9808]
Event: 2.154 Thread 0x0000012f20043100  691       3       sun.security.provider.ByteArrayAccess::b2lBig128 (232 bytes)
Event: 2.160 Thread 0x0000012f20043100 nmethod 691 0x0000012f0e7d9f10 code [0x0000012f0e7da9e0, 0x0000012f0e7e0db8]
Event: 2.160 Thread 0x0000012f20043100  692       3       sun.security.provider.SHA5::implCompress (13 bytes)
Event: 2.161 Thread 0x0000012f20043100 nmethod 692 0x0000012f0e7e2b10 code [0x0000012f0e7e2d00, 0x0000012f0e7e3168]
Event: 2.165 Thread 0x0000012f20043100  693       3       sun.invoke.util.VerifyAccess::isTypeVisible (118 bytes)
Event: 2.167 Thread 0x0000012f20043100 nmethod 693 0x0000012f0e7e3390 code [0x0000012f0e7e37a0, 0x0000012f0e7e5658]
Event: 2.167 Thread 0x0000012f20043100  695       3       java.math.MutableBigInteger::unsignedLongCompare (20 bytes)
Event: 2.167 Thread 0x0000012f20043100 nmethod 695 0x0000012f0e7e5f90 code [0x0000012f0e7e6120, 0x0000012f0e7e6298]

GC Heap History (0 events):
No events

Dll operation events (8 events):
Event: 1.038 Loaded shared library c:\Users\Guille\.vscode\extensions\redhat.java-1.19.0-win32-x64\jre\17.0.7-win32-x86_64\bin\java.dll
Event: 1.220 Loaded shared library c:\Users\Guille\.vscode\extensions\redhat.java-1.19.0-win32-x64\jre\17.0.7-win32-x86_64\bin\zip.dll
Event: 1.225 Loaded shared library C:\Users\Guille\.vscode\extensions\redhat.java-1.19.0-win32-x64\jre\17.0.7-win32-x86_64\bin\instrument.dll
Event: 1.289 Loaded shared library C:\Users\Guille\.vscode\extensions\redhat.java-1.19.0-win32-x64\jre\17.0.7-win32-x86_64\bin\net.dll
Event: 1.331 Loaded shared library C:\Users\Guille\.vscode\extensions\redhat.java-1.19.0-win32-x64\jre\17.0.7-win32-x86_64\bin\nio.dll
Event: 1.338 Loaded shared library C:\Users\Guille\.vscode\extensions\redhat.java-1.19.0-win32-x64\jre\17.0.7-win32-x86_64\bin\zip.dll
Event: 1.361 Loaded shared library C:\Users\Guille\.vscode\extensions\redhat.java-1.19.0-win32-x64\jre\17.0.7-win32-x86_64\bin\jimage.dll
Event: 1.494 Loaded shared library c:\Users\Guille\.vscode\extensions\redhat.java-1.19.0-win32-x64\jre\17.0.7-win32-x86_64\bin\verify.dll

Deoptimization events (20 events):
Event: 1.682 Thread 0x0000012f0a271da0 Uncommon trap: trap_request=0xffffff45 fr.pc=0x0000012f161c3bac relative=0x00000000000005ac
Event: 1.682 Thread 0x0000012f0a271da0 Uncommon trap: reason=unstable_if action=reinterpret pc=0x0000012f161c3bac method=java.lang.String.replace(Ljava/lang/CharSequence;Ljava/lang/CharSequence;)Ljava/lang/String; @ 48 c2
Event: 1.682 Thread 0x0000012f0a271da0 DEOPT PACKING pc=0x0000012f161c3bac sp=0x000000204b8fc9a0
Event: 1.682 Thread 0x0000012f0a271da0 DEOPT UNPACKING pc=0x0000012f15c566a3 sp=0x000000204b8fc910 mode 2
Event: 1.832 Thread 0x0000012f0a271da0 DEOPT PACKING pc=0x0000012f0e716b2d sp=0x000000204b8fa8c0
Event: 1.832 Thread 0x0000012f0a271da0 DEOPT UNPACKING pc=0x0000012f15c56e43 sp=0x000000204b8f9d58 mode 0
Event: 1.960 Thread 0x0000012f0a271da0 Uncommon trap: trap_request=0xffffff45 fr.pc=0x0000012f161d6ff4 relative=0x0000000000000074
Event: 1.960 Thread 0x0000012f0a271da0 Uncommon trap: reason=unstable_if action=reinterpret pc=0x0000012f161d6ff4 method=jdk.internal.misc.Unsafe.convEndian(ZI)I @ 4 c2
Event: 1.960 Thread 0x0000012f0a271da0 DEOPT PACKING pc=0x0000012f161d6ff4 sp=0x000000204b8fda70
Event: 1.960 Thread 0x0000012f0a271da0 DEOPT UNPACKING pc=0x0000012f15c566a3 sp=0x000000204b8fd9a0 mode 2
Event: 1.962 Thread 0x0000012f0a271da0 Uncommon trap: trap_request=0xffffff45 fr.pc=0x0000012f161c2f70 relative=0x0000000000000530
Event: 1.962 Thread 0x0000012f0a271da0 Uncommon trap: reason=unstable_if action=reinterpret pc=0x0000012f161c2f70 method=java.lang.AbstractStringBuilder.append(Ljava/lang/String;)Ljava/lang/AbstractStringBuilder; @ 1 c2
Event: 1.962 Thread 0x0000012f0a271da0 DEOPT PACKING pc=0x0000012f161c2f70 sp=0x000000204b8fddf0
Event: 1.962 Thread 0x0000012f0a271da0 DEOPT UNPACKING pc=0x0000012f15c566a3 sp=0x000000204b8fdd70 mode 2
Event: 2.137 Thread 0x0000012f0a271da0 Uncommon trap: trap_request=0xffffffc6 fr.pc=0x0000012f161df0a0 relative=0x0000000000000260
Event: 2.137 Thread 0x0000012f0a271da0 Uncommon trap: reason=bimorphic_or_optimized_type_check action=maybe_recompile pc=0x0000012f161df0a0 method=java.util.HashMap.getNode(Ljava/lang/Object;)Ljava/util/HashMap$Node; @ 128 c2
Event: 2.137 Thread 0x0000012f0a271da0 DEOPT PACKING pc=0x0000012f161df0a0 sp=0x000000204b8fe2d0
Event: 2.137 Thread 0x0000012f0a271da0 DEOPT UNPACKING pc=0x0000012f15c566a3 sp=0x000000204b8fe258 mode 2
Event: 2.138 Thread 0x0000012f0a271da0 DEOPT PACKING pc=0x0000012f0e78d732 sp=0x000000204b8fe140
Event: 2.138 Thread 0x0000012f0a271da0 DEOPT UNPACKING pc=0x0000012f15c56e43 sp=0x000000204b8fd598 mode 0

Classes unloaded (0 events):
No events

Classes redefined (0 events):
No events

Internal exceptions (9 events):
Event: 1.172 Thread 0x0000012f0a271da0 Exception <a 'java/lang/NoSuchMethodError'{0x00000000eacb24e8}: 'void java.lang.invoke.DirectMethodHandle$Holder.invokeStatic(java.lang.Object, java.lang.Object, java.lang.Object)'> (0x00000000eacb24e8) 
thrown [s\src\hotspot\share\interpreter\linkResolver.cpp, line 759]
Event: 1.521 Thread 0x0000012f0a271da0 Exception <a 'java/lang/reflect/InvocationTargetException'{0x00000000eaf78f40}> (0x00000000eaf78f40) 
thrown [s\src\hotspot\share\runtime\reflection.cpp, line 1121]
Event: 1.908 Thread 0x0000012f0a271da0 Exception <a 'java/lang/ClassNotFoundException'{0x00000000eb775050}: sun/net/www/protocol/c/Handler> (0x00000000eb775050) 
thrown [s\src\hotspot\share\classfile\systemDictionary.cpp, line 256]
Event: 1.914 Thread 0x0000012f0a271da0 Exception <a 'java/io/FileNotFoundException'{0x00000000eb78fb68}> (0x00000000eb78fb68) 
thrown [s\src\hotspot\share\prims\jni.cpp, line 516]
Event: 1.915 Thread 0x0000012f0a271da0 Exception <a 'java/io/FileNotFoundException'{0x00000000eb7908b0}> (0x00000000eb7908b0) 
thrown [s\src\hotspot\share\prims\jni.cpp, line 516]
Event: 1.915 Thread 0x0000012f0a271da0 Exception <a 'java/io/FileNotFoundException'{0x00000000eb7915d8}> (0x00000000eb7915d8) 
thrown [s\src\hotspot\share\prims\jni.cpp, line 516]
Event: 1.958 Thread 0x0000012f0a271da0 Exception <a 'java/io/FileNotFoundException'{0x00000000eb7922d0}> (0x00000000eb7922d0) 
thrown [s\src\hotspot\share\prims\jni.cpp, line 516]
Event: 1.962 Thread 0x0000012f0a271da0 Implicit null exception at 0x0000012f161c2a72 to 0x0000012f161c2f5c
Event: 1.965 Thread 0x0000012f0a271da0 Exception <a 'java/io/FileNotFoundException'{0x00000000eb7cb160}> (0x00000000eb7cb160) 
thrown [s\src\hotspot\share\prims\jni.cpp, line 516]

VM Operations (8 events):
Event: 1.176 Executing VM operation: HandshakeAllThreads
Event: 1.176 Executing VM operation: HandshakeAllThreads done
Event: 1.397 Executing VM operation: HandshakeAllThreads
Event: 1.397 Executing VM operation: HandshakeAllThreads done
Event: 1.879 Executing VM operation: HandshakeAllThreads
Event: 1.879 Executing VM operation: HandshakeAllThreads done
Event: 1.901 Executing VM operation: HandshakeAllThreads
Event: 1.901 Executing VM operation: HandshakeAllThreads done

Events (20 events):
Event: 2.061 loading class java/nio/file/attribute/FileOwnerAttributeView done
Event: 2.061 loading class java/nio/file/attribute/AclFileAttributeView done
Event: 2.061 loading class sun/nio/fs/AbstractAclFileAttributeView done
Event: 2.061 loading class sun/nio/fs/WindowsAclFileAttributeView done
Event: 2.062 loading class sun/nio/fs/WindowsSecurity
Event: 2.062 loading class sun/nio/fs/WindowsSecurity done
Event: 2.062 loading class sun/nio/fs/WindowsFileStore
Event: 2.063 loading class java/nio/file/FileStore
Event: 2.063 loading class java/nio/file/FileStore done
Event: 2.063 loading class sun/nio/fs/WindowsFileStore done
Event: 2.067 loading class java/net/URLClassLoader$1
Event: 2.067 loading class java/net/URLClassLoader$1 done
Event: 2.116 loading class sun/security/x509/RFC822Name
Event: 2.118 loading class sun/security/x509/RFC822Name done
Event: 2.141 loading class sun/security/rsa/RSASignature$SHA384withRSA
Event: 2.141 loading class sun/security/rsa/RSASignature$SHA384withRSA done
Event: 2.141 loading class sun/security/provider/SHA5$SHA384
Event: 2.141 loading class sun/security/provider/SHA5
Event: 2.141 loading class sun/security/provider/SHA5 done
Event: 2.141 loading class sun/security/provider/SHA5$SHA384 done


Dynamic libraries:
0x00007ff76b2e0000 - 0x00007ff76b2ee000 	c:\Users\Guille\.vscode\extensions\redhat.java-1.19.0-win32-x64\jre\17.0.7-win32-x86_64\bin\java.exe
0x00007fffabb90000 - 0x00007fffabd88000 	C:\WINDOWS\SYSTEM32\ntdll.dll
0x00007fff89e10000 - 0x00007fff89e29000 	C:\Program Files\AVAST Software\Avast\aswhook.dll
0x00007fffa9c10000 - 0x00007fffa9ccf000 	C:\WINDOWS\System32\KERNEL32.DLL
0x00007fffa9450000 - 0x00007fffa9746000 	C:\WINDOWS\System32\KERNELBASE.dll
0x00007fffa9a00000 - 0x00007fffa9b00000 	C:\WINDOWS\System32\ucrtbase.dll
0x00007fff6e7f0000 - 0x00007fff6e809000 	c:\Users\Guille\.vscode\extensions\redhat.java-1.19.0-win32-x64\jre\17.0.7-win32-x86_64\bin\VCRUNTIME140.dll
0x00007fff71410000 - 0x00007fff71427000 	c:\Users\Guille\.vscode\extensions\redhat.java-1.19.0-win32-x64\jre\17.0.7-win32-x86_64\bin\jli.dll
0x00007fffab830000 - 0x00007fffab9cd000 	C:\WINDOWS\System32\USER32.dll
0x00007fffa9420000 - 0x00007fffa9442000 	C:\WINDOWS\System32\win32u.dll
0x00007fff96070000 - 0x00007fff9630a000 	C:\WINDOWS\WinSxS\amd64_microsoft.windows.common-controls_6595b64144ccf1df_6.0.19041.1110_none_60b5254171f9507e\COMCTL32.dll
0x00007fffaa760000 - 0x00007fffaa78c000 	C:\WINDOWS\System32\GDI32.dll
0x00007fffab2b0000 - 0x00007fffab34e000 	C:\WINDOWS\System32\msvcrt.dll
0x00007fffa9270000 - 0x00007fffa9385000 	C:\WINDOWS\System32\gdi32full.dll
0x00007fffa9960000 - 0x00007fffa99fd000 	C:\WINDOWS\System32\msvcp_win.dll
0x00007fffaa790000 - 0x00007fffaa7c0000 	C:\WINDOWS\System32\IMM32.DLL
0x00007fffa3a60000 - 0x00007fffa3a6c000 	c:\Users\Guille\.vscode\extensions\redhat.java-1.19.0-win32-x64\jre\17.0.7-win32-x86_64\bin\vcruntime140_1.dll
0x00007fff66630000 - 0x00007fff666c1000 	c:\Users\Guille\.vscode\extensions\redhat.java-1.19.0-win32-x64\jre\17.0.7-win32-x86_64\bin\msvcp140.dll
0x00007fff5f450000 - 0x00007fff60098000 	c:\Users\Guille\.vscode\extensions\redhat.java-1.19.0-win32-x64\jre\17.0.7-win32-x86_64\bin\server\jvm.dll
0x00007fffab0f0000 - 0x00007fffab19f000 	C:\WINDOWS\System32\ADVAPI32.dll
0x00007fffab790000 - 0x00007fffab82c000 	C:\WINDOWS\System32\sechost.dll
0x00007fffa9ed0000 - 0x00007fffa9ff6000 	C:\WINDOWS\System32\RPCRT4.dll
0x00007fffa0540000 - 0x00007fffa0549000 	C:\WINDOWS\SYSTEM32\WSOCK32.dll
0x00007fffabae0000 - 0x00007fffabb4b000 	C:\WINDOWS\System32\WS2_32.dll
0x00007fffa3590000 - 0x00007fffa359a000 	C:\WINDOWS\SYSTEM32\VERSION.dll
0x00007fff97e60000 - 0x00007fff97e87000 	C:\WINDOWS\SYSTEM32\WINMM.dll
0x00007fffa7140000 - 0x00007fffa7152000 	C:\WINDOWS\SYSTEM32\kernel.appcore.dll
0x00007fffa2660000 - 0x00007fffa266a000 	c:\Users\Guille\.vscode\extensions\redhat.java-1.19.0-win32-x64\jre\17.0.7-win32-x86_64\bin\jimage.dll
0x00007fffa1320000 - 0x00007fffa1504000 	C:\WINDOWS\SYSTEM32\DBGHELP.DLL
0x00007fffa1b40000 - 0x00007fffa1b74000 	C:\WINDOWS\SYSTEM32\dbgcore.DLL
0x00007fffa9390000 - 0x00007fffa9412000 	C:\WINDOWS\System32\bcryptPrimitives.dll
0x00007fffa2250000 - 0x00007fffa225e000 	c:\Users\Guille\.vscode\extensions\redhat.java-1.19.0-win32-x64\jre\17.0.7-win32-x86_64\bin\instrument.dll
0x00007fff71ad0000 - 0x00007fff71af5000 	c:\Users\Guille\.vscode\extensions\redhat.java-1.19.0-win32-x64\jre\17.0.7-win32-x86_64\bin\java.dll
0x00007fff803a0000 - 0x00007fff803b8000 	c:\Users\Guille\.vscode\extensions\redhat.java-1.19.0-win32-x64\jre\17.0.7-win32-x86_64\bin\zip.dll
0x00007fffaa8b0000 - 0x00007fffaaff4000 	C:\WINDOWS\System32\SHELL32.dll
0x00007fffa7340000 - 0x00007fffa7ad3000 	C:\WINDOWS\SYSTEM32\windows.storage.dll
0x00007fffab350000 - 0x00007fffab6a4000 	C:\WINDOWS\System32\combase.dll
0x00007fffa8be0000 - 0x00007fffa8c0e000 	C:\WINDOWS\SYSTEM32\Wldp.dll
0x00007fffab1a0000 - 0x00007fffab24d000 	C:\WINDOWS\System32\SHCORE.dll
0x00007fffab250000 - 0x00007fffab2a5000 	C:\WINDOWS\System32\shlwapi.dll
0x00007fffa91b0000 - 0x00007fffa91cf000 	C:\WINDOWS\SYSTEM32\profapi.dll
0x00007fff7bdd0000 - 0x00007fff7bde9000 	C:\Users\Guille\.vscode\extensions\redhat.java-1.19.0-win32-x64\jre\17.0.7-win32-x86_64\bin\net.dll
0x00007fffa1d90000 - 0x00007fffa1e9a000 	C:\WINDOWS\SYSTEM32\WINHTTP.dll
0x00007fffa8940000 - 0x00007fffa89aa000 	C:\WINDOWS\system32\mswsock.dll
0x00007fff71850000 - 0x00007fff71865000 	C:\Users\Guille\.vscode\extensions\redhat.java-1.19.0-win32-x64\jre\17.0.7-win32-x86_64\bin\nio.dll
0x00007fff974d0000 - 0x00007fff974e0000 	c:\Users\Guille\.vscode\extensions\redhat.java-1.19.0-win32-x64\jre\17.0.7-win32-x86_64\bin\verify.dll

dbghelp: loaded successfully - version: 4.0.5 - missing functions: none
symbol engine: initialized successfully - sym options: 0x614 - pdb path: .;c:\Users\Guille\.vscode\extensions\redhat.java-1.19.0-win32-x64\jre\17.0.7-win32-x86_64\bin;C:\WINDOWS\SYSTEM32;C:\Program Files\AVAST Software\Avast;C:\WINDOWS\WinSxS\amd64_microsoft.windows.common-controls_6595b64144ccf1df_6.0.19041.1110_none_60b5254171f9507e;c:\Users\Guille\.vscode\extensions\redhat.java-1.19.0-win32-x64\jre\17.0.7-win32-x86_64\bin\server

VM Arguments:
jvm_args: --add-modules=ALL-SYSTEM --add-opens=java.base/java.util=ALL-UNNAMED --add-opens=java.base/java.lang=ALL-UNNAMED --add-opens=java.base/sun.nio.fs=ALL-UNNAMED -Declipse.application=org.eclipse.jdt.ls.core.id1 -Dosgi.bundles.defaultStartLevel=4 -Declipse.product=org.eclipse.jdt.ls.core.product -Djava.import.generatesMetadataFilesAtProjectRoot=false -Dfile.encoding=utf8 -XX:+UseParallelGC -XX:GCTimeRatio=4 -XX:AdaptiveSizePolicyWeight=90 -Dsun.zip.disableMemoryMapping=true -Xmx1G -Xms100m -Xlog:disable -javaagent:c:\Users\Guille\.vscode\extensions\redhat.java-1.19.0-win32-x64\lombok\lombok-1.18.28.jar -XX:+HeapDumpOnOutOfMemoryError -XX:HeapDumpPath=c:\Users\Guille\AppData\Roaming\Code\User\workspaceStorage\18b49e71bce68521c355dde5f143f37c\redhat.java -Daether.dependencyCollector.impl=bf 
java_command: c:\Users\Guille\.vscode\extensions\redhat.java-1.19.0-win32-x64\server\plugins\org.eclipse.equinox.launcher_1.6.400.v20210924-0641.jar -configuration c:\Users\Guille\AppData\Roaming\Code\User\globalStorage\redhat.java\1.19.0\config_win -data c:\Users\Guille\AppData\Roaming\Code\User\workspaceStorage\18b49e71bce68521c355dde5f143f37c\redhat.java\jdt_ws
java_class_path (initial): c:\Users\Guille\.vscode\extensions\redhat.java-1.19.0-win32-x64\server\plugins\org.eclipse.equinox.launcher_1.6.400.v20210924-0641.jar
Launcher Type: SUN_STANDARD

[Global flags]
    uintx AdaptiveSizePolicyWeight                 = 90                                        {product} {command line}
     intx CICompilerCount                          = 3                                         {product} {ergonomic}
    uintx GCTimeRatio                              = 4                                         {product} {command line}
     bool HeapDumpOnOutOfMemoryError               = true                                   {manageable} {command line}
    ccstr HeapDumpPath                             = c:\Users\Guille\AppData\Roaming\Code\User\workspaceStorage\18b49e71bce68521c355dde5f143f37c\redhat.java         {manageable} {command line}
   size_t InitialHeapSize                          = 104857600                                 {product} {command line}
   size_t MaxHeapSize                              = 1073741824                                {product} {command line}
   size_t MaxNewSize                               = 357564416                                 {product} {ergonomic}
   size_t MinHeapDeltaBytes                        = 524288                                    {product} {ergonomic}
   size_t MinHeapSize                              = 104857600                                 {product} {command line}
   size_t NewSize                                  = 34603008                                  {product} {ergonomic}
    uintx NonNMethodCodeHeapSize                   = 5832780                                {pd product} {ergonomic}
    uintx NonProfiledCodeHeapSize                  = 122912730                              {pd product} {ergonomic}
   size_t OldSize                                  = 70254592                                  {product} {ergonomic}
    uintx ProfiledCodeHeapSize                     = 122912730                              {pd product} {ergonomic}
    uintx ReservedCodeCacheSize                    = 251658240                              {pd product} {ergonomic}
     bool SegmentedCodeCache                       = true                                      {product} {ergonomic}
   size_t SoftMaxHeapSize                          = 1073741824                             {manageable} {ergonomic}
     bool UseCompressedClassPointers               = true                           {product lp64_product} {ergonomic}
     bool UseCompressedOops                        = true                           {product lp64_product} {ergonomic}
     bool UseLargePagesIndividualAllocation        = false                                  {pd product} {ergonomic}
     bool UseParallelGC                            = true                                      {product} {command line}

Logging:
Log output configuration:
 #0: stdout all=off uptime,level,tags
 #1: stderr all=off uptime,level,tags

Environment Variables:
JAVA_HOME=C:\Program Files\Java\jdk1.8.0_111
PATH=C:\Python311\Scripts\;C:\Python311\;C:\Program Files (x86)\Common Files\Oracle\Java\javapath;C:\ProgramData\Oracle\Java\javapath;C:\WINDOWS\system32;C:\WINDOWS;C:\WINDOWS\System32\Wbem;C:\WINDOWS\System32\WindowsPowerShell\v1.0\;C:\WINDOWS\System32\OpenSSH\;C:\Program Files\dotnet\;C:\Program Files\Git\cmd;C:\Program Files\Java\jdk1.8.0_111\bin;C:\Program Files\Java\apache-maven-3.8.2\bin;C:\Program Files\Java\jdk1.8.0_111\bin;C:\Program Files\Java\jre1.8.0_361\bin;C:\Program Files\nodejs\;C:\ProgramData\chocolatey\bin;C:\Users\Guille\AppData\Local\Microsoft\WindowsApps;C:\Users\Guille\AppData\Local\Programs\Microsoft VS Code\bin;C:\Users\Guille\AppData\Roaming\npm;C:\Program Files\JetBrains\IntelliJ IDEA Community Edition 2023.1.1\bin;;C:\Python311\;C:\Python311\Scripts;
USERNAME=Guille
OS=Windows_NT
PROCESSOR_IDENTIFIER=Intel64 Family 6 Model 58 Stepping 9, GenuineIntel
TMP=C:\Users\Guille\AppData\Local\Temp
TEMP=C:\Users\Guille\AppData\Local\Temp



---------------  S Y S T E M  ---------------

OS:
 Windows 10 , 64 bit Build 19041 (10.0.19041.3031)
OS uptime: 7 days 2:33 hours

CPU: total 4 (initial active 4) (4 cores per cpu, 1 threads per core) family 6 model 58 stepping 9 microcode 0x21, cx8, cmov, fxsr, mmx, sse, sse2, sse3, ssse3, sse4.1, sse4.2, popcnt, tsc, tscinvbit, avx, aes, erms, clmul, vzeroupper, clflush

Memory: 4k page, system-wide physical 16259M (4767M free)
TotalPageFile size 19187M (AvailPageFile size 3M)
current process WorkingSet (physical memory assigned to process): 62M, peak: 62M
current process commit charge ("private bytes"): 186M, peak: 187M

vm_info: OpenJDK 64-Bit Server VM (17.0.7+7) for windows-amd64 JRE (17.0.7+7), built on Apr 18 2023 22:10:42 by "temurin" with MS VC++ 16.7 (VS2019)

END.
