#
# There is insufficient memory for the Java Runtime Environment to continue.
# Native memory allocation (mmap) failed to map 65536 bytes for Failed to commit metaspace.
# Possible reasons:
#   The system is out of physical RAM or swap space
#   The process is running with CompressedOops enabled, and the Java Heap may be blocking the growth of the native heap
# Possible solutions:
#   Reduce memory load on the system
#   Increase physical memory or swap space
#   Check if swap backing store is full
#   Decrease Java heap size (-Xmx/-Xms)
#   Decrease number of Java threads
#   Decrease Java thread stack sizes (-Xss)
#   Set larger code cache with -XX:ReservedCodeCacheSize=
#   JVM is running with Unscaled Compressed Oops mode in which the Java heap is
#     placed in the first 4GB address space. The Java Heap base address is the
#     maximum limit for the native heap growth. Please use -XX:HeapBaseMinAddress
#     to set the Java Heap base and to place the Java Heap above 4GB virtual address.
# This output file may be truncated or incomplete.
#
#  Out of Memory Error (virtualSpaceNode.cpp:110), pid=13916, tid=12696
#
# JRE version: OpenJDK Runtime Environment Temurin-17.0.7+7 (17.0.7+7) (build 17.0.7+7)
# Java VM: OpenJDK 64-Bit Server VM Temurin-17.0.7+7 (17.0.7+7, mixed mode, tiered, compressed oops, compressed class ptrs, parallel gc, windows-amd64)
# No core dump will be written. Minidumps are not enabled by default on client versions of Windows
#

---------------  S U M M A R Y ------------

Command Line: --add-modules=ALL-SYSTEM --add-opens=java.base/java.util=ALL-UNNAMED --add-opens=java.base/java.lang=ALL-UNNAMED --add-opens=java.base/sun.nio.fs=ALL-UNNAMED -Declipse.application=org.eclipse.jdt.ls.core.id1 -Dosgi.bundles.defaultStartLevel=4 -Declipse.product=org.eclipse.jdt.ls.core.product -Djava.import.generatesMetadataFilesAtProjectRoot=false -Dfile.encoding=utf8 -XX:+UseParallelGC -XX:GCTimeRatio=4 -XX:AdaptiveSizePolicyWeight=90 -Dsun.zip.disableMemoryMapping=true -Xmx1G -Xms100m -Xlog:disable -javaagent:c:\Users\Guille\.vscode\extensions\redhat.java-1.19.0-win32-x64\lombok\lombok-1.18.28.jar -XX:+HeapDumpOnOutOfMemoryError -XX:HeapDumpPath=c:\Users\Guille\AppData\Roaming\Code\User\workspaceStorage\18b49e71bce68521c355dde5f143f37c\redhat.java -Daether.dependencyCollector.impl=bf c:\Users\Guille\.vscode\extensions\redhat.java-1.19.0-win32-x64\server\plugins\org.eclipse.equinox.launcher_1.6.400.v20210924-0641.jar -configuration c:\Users\Guille\AppData\Roaming\Code\User\globalStorage\redhat.java\1.19.0\config_win -data c:\Users\Guille\AppData\Roaming\Code\User\workspaceStorage\18b49e71bce68521c355dde5f143f37c\redhat.java\jdt_ws

Host: Intel(R) Core(TM) i5-3570K CPU @ 3.40GHz, 4 cores, 15G,  Windows 10 , 64 bit Build 19041 (10.0.19041.3031)
Time: Mon Jun 26 19:57:04 2023 Hora estándar de Argentina elapsed time: 2.923895 seconds (0d 0h 0m 2s)

---------------  T H R E A D  ---------------

Current thread (0x000001c225f31fe0):  JavaThread "C1 CompilerThread0" daemon [_thread_in_vm, id=12696, stack(0x0000005579600000,0x0000005579700000)]


Current CompileTask:
C1:   2924 2283   !   3       jdk.internal.reflect.NativeConstructorAccessorImpl::newInstance (122 bytes)

Stack: [0x0000005579600000,0x0000005579700000]
Native frames: (J=compiled Java code, j=interpreted, Vv=VM code, C=native code)
V  [jvm.dll+0x67754a]
V  [jvm.dll+0x834304]
V  [jvm.dll+0x835aae]
V  [jvm.dll+0x836113]
V  [jvm.dll+0x24696f]
V  [jvm.dll+0x83039b]
V  [jvm.dll+0x61c006]
V  [jvm.dll+0x61c06a]
V  [jvm.dll+0x61e89a]
V  [jvm.dll+0x61c9a6]
V  [jvm.dll+0x62dc3a]
V  [jvm.dll+0x626aaa]
V  [jvm.dll+0x1cd7a0]
V  [jvm.dll+0x1cd98f]
V  [jvm.dll+0x147a21]
V  [jvm.dll+0x147865]
V  [jvm.dll+0x13f0ce]
V  [jvm.dll+0x141685]
V  [jvm.dll+0x13f86c]
V  [jvm.dll+0x14833d]
V  [jvm.dll+0x147865]
V  [jvm.dll+0x13f0ce]
V  [jvm.dll+0x141685]
V  [jvm.dll+0x13f964]
V  [jvm.dll+0x1398df]
V  [jvm.dll+0x149456]
V  [jvm.dll+0x134ff0]
V  [jvm.dll+0x135350]
V  [jvm.dll+0x135616]
V  [jvm.dll+0x134aaa]
V  [jvm.dll+0x136771]
V  [jvm.dll+0x2284da]
V  [jvm.dll+0x226615]
V  [jvm.dll+0x7ea90b]
V  [jvm.dll+0x7e4e7a]
V  [jvm.dll+0x676395]
C  [ucrtbase.dll+0x21bb2]
C  [KERNEL32.DLL+0x17614]
C  [ntdll.dll+0x526f1]


---------------  P R O C E S S  ---------------

Threads class SMR info:
_java_thread_list=0x000001c226f73640, length=18, elements={
0x000001c20afb2750, 0x000001c220d23750, 0x000001c220d25f80, 0x000001c220d3aed0,
0x000001c220d59180, 0x000001c220d59c00, 0x000001c220d5d830, 0x000001c220d5e510,
0x000001c225f31fe0, 0x000001c225f34500, 0x000001c20b06e1e0, 0x000001c22610e3e0,
0x000001c226ac6d10, 0x000001c226e15b60, 0x000001c226e16030, 0x000001c226d23970,
0x000001c226d0c030, 0x000001c226f58190
}

Java Threads: ( => current thread )
  0x000001c20afb2750 JavaThread "main" [_thread_blocked, id=3348, stack(0x0000005578c00000,0x0000005578d00000)]
  0x000001c220d23750 JavaThread "Reference Handler" daemon [_thread_blocked, id=9128, stack(0x0000005578f00000,0x0000005579000000)]
  0x000001c220d25f80 JavaThread "Finalizer" daemon [_thread_blocked, id=17504, stack(0x0000005579000000,0x0000005579100000)]
  0x000001c220d3aed0 JavaThread "Signal Dispatcher" daemon [_thread_blocked, id=12536, stack(0x0000005579100000,0x0000005579200000)]
  0x000001c220d59180 JavaThread "Attach Listener" daemon [_thread_blocked, id=13432, stack(0x0000005579200000,0x0000005579300000)]
  0x000001c220d59c00 JavaThread "Service Thread" daemon [_thread_blocked, id=5684, stack(0x0000005579300000,0x0000005579400000)]
  0x000001c220d5d830 JavaThread "Monitor Deflation Thread" daemon [_thread_blocked, id=19348, stack(0x0000005579400000,0x0000005579500000)]
  0x000001c220d5e510 JavaThread "C2 CompilerThread0" daemon [_thread_blocked, id=16812, stack(0x0000005579500000,0x0000005579600000)]
=>0x000001c225f31fe0 JavaThread "C1 CompilerThread0" daemon [_thread_in_vm, id=12696, stack(0x0000005579600000,0x0000005579700000)]
  0x000001c225f34500 JavaThread "Sweeper thread" daemon [_thread_blocked, id=8240, stack(0x0000005579700000,0x0000005579800000)]
  0x000001c20b06e1e0 JavaThread "Common-Cleaner" daemon [_thread_blocked, id=13944, stack(0x0000005579800000,0x0000005579900000)]
  0x000001c22610e3e0 JavaThread "Notification Thread" daemon [_thread_blocked, id=18168, stack(0x0000005579900000,0x0000005579a00000)]
  0x000001c226ac6d10 JavaThread "Active Thread: Equinox Container: b9f0a3ef-9ab1-4b56-9b4b-dc37bd536df4" [_thread_blocked, id=13396, stack(0x0000005579f00000,0x000000557a000000)]
  0x000001c226e15b60 JavaThread "Framework Event Dispatcher: Equinox Container: b9f0a3ef-9ab1-4b56-9b4b-dc37bd536df4" daemon [_thread_blocked, id=19592, stack(0x000000557a000000,0x000000557a100000)]
  0x000001c226e16030 JavaThread "Start Level: Equinox Container: b9f0a3ef-9ab1-4b56-9b4b-dc37bd536df4" daemon [_thread_in_vm, id=16708, stack(0x000000557a100000,0x000000557a200000)]
  0x000001c226d23970 JavaThread "SCR Component Actor" daemon [_thread_blocked, id=6252, stack(0x000000557a200000,0x000000557a300000)]
  0x000001c226d0c030 JavaThread "SCR Component Registry" daemon [_thread_blocked, id=4852, stack(0x000000557a300000,0x000000557a400000)]
  0x000001c226f58190 JavaThread "Worker-JM" [_thread_blocked, id=17244, stack(0x0000005579e00000,0x0000005579f00000)]

Other Threads:
  0x000001c220d09f60 VMThread "VM Thread" [stack: 0x0000005578e00000,0x0000005578f00000] [id=10088]
  0x000001c2261cb680 WatcherThread [stack: 0x0000005579a00000,0x0000005579b00000] [id=9876]
  0x000001c20afc7f90 GCTaskThread "GC Thread#0" [stack: 0x0000005578d00000,0x0000005578e00000] [id=10764]
  0x000001c2262aed90 GCTaskThread "GC Thread#1" [stack: 0x0000005579b00000,0x0000005579c00000] [id=672]
  0x000001c2267b4430 GCTaskThread "GC Thread#2" [stack: 0x0000005579c00000,0x0000005579d00000] [id=17120]
  0x000001c2262af040 GCTaskThread "GC Thread#3" [stack: 0x0000005579d00000,0x0000005579e00000] [id=2984]

Threads with active compile tasks:
C1 CompilerThread0     2986 2283   !   3       jdk.internal.reflect.NativeConstructorAccessorImpl::newInstance (122 bytes)

VM state: not at safepoint (normal execution)

VM Mutex/Monitor currently owned by a thread:  ([mutex/lock_event])
[0x000001c20afad8f0] Metaspace_lock - owner thread: 0x000001c225f31fe0
[0x000001c20afaf0e0] MethodData_lock - owner thread: 0x000001c225f31fe0

Heap address: 0x00000000c0000000, size: 1024 MB, Compressed Oops mode: 32-bit

CDS archive(s) not mapped
Compressed class space mapped at: 0x0000000100000000-0x0000000140000000, reserved size: 1073741824
Narrow klass base: 0x0000000000000000, Narrow klass shift: 3, Narrow klass range: 0x140000000

GC Precious Log:
 CPUs: 4 total, 4 available
 Memory: 16259M
 Large Page Support: Disabled
 NUMA Support: Disabled
 Compressed Oops: Enabled (32-bit)
 Alignments: Space 512K, Generation 512K, Heap 2M
 Heap Min Capacity: 100M
 Heap Initial Capacity: 100M
 Heap Max Capacity: 1G
 Pre-touch: Disabled
 Parallel Workers: 4

Heap:
 PSYoungGen      total 29696K, used 9080K [0x00000000eab00000, 0x00000000ecc00000, 0x0000000100000000)
  eden space 25600K, 19% used [0x00000000eab00000,0x00000000eafe5580,0x00000000ec400000)
  from space 4096K, 99% used [0x00000000ec400000,0x00000000ec7f8a90,0x00000000ec800000)
  to   space 4096K, 0% used [0x00000000ec800000,0x00000000ec800000,0x00000000ecc00000)
 ParOldGen       total 68608K, used 3726K [0x00000000c0000000, 0x00000000c4300000, 0x00000000eab00000)
  object space 68608K, 5% used [0x00000000c0000000,0x00000000c03a3aa0,0x00000000c4300000)
 Metaspace       used 20833K, committed 21248K, reserved 1114112K
  class space    used 2114K, committed 2304K, reserved 1048576K

Card table byte_map: [0x000001c21e620000,0x000001c21e830000] _byte_map_base: 0x000001c21e020000

Marking Bits: (ParMarkBitMap*) 0x00007fff5ffd52c0
 Begin Bits: [0x000001c21e990000, 0x000001c21f990000)
 End Bits:   [0x000001c21f990000, 0x000001c220990000)

Polling page: 0x000001c20b080000

Metaspace:

Usage:
  Non-class:     18.28 MB used.
      Class:      2.06 MB used.
       Both:     20.34 MB used.

Virtual space:
  Non-class space:       64.00 MB reserved,      18.50 MB ( 29%) committed,  1 nodes.
      Class space:        1.00 GB reserved,       2.25 MB ( <1%) committed,  1 nodes.
             Both:        1.06 GB reserved,      20.75 MB (  2%) committed. 

Chunk freelists:
   Non-Class:  13.16 MB
       Class:  13.77 MB
        Both:  26.92 MB

MaxMetaspaceSize: unlimited
CompressedClassSpaceSize: 1.00 GB
Initial GC threshold: 21.00 MB
Current GC threshold: 21.00 MB
CDS: off
MetaspaceReclaimPolicy: balanced
 - commit_granule_bytes: 65536.
 - commit_granule_words: 8192.
 - virtual_space_node_default_size: 8388608.
 - enlarge_chunks_in_place: 1.
 - new_chunks_are_fully_committed: 0.
 - uncommit_free_chunks: 1.
 - use_allocation_guard: 0.
 - handle_deallocations: 1.


Internal statistics:

num_allocs_failed_limit: 0.
num_arena_births: 170.
num_arena_deaths: 0.
num_vsnodes_births: 2.
num_vsnodes_deaths: 0.
num_space_committed: 332.
num_space_uncommitted: 0.
num_chunks_returned_to_freelist: 0.
num_chunks_taken_from_freelist: 630.
num_chunk_merges: 0.
num_chunk_splits: 412.
num_chunks_enlarged: 287.
num_inconsistent_stats: 0.

CodeHeap 'non-profiled nmethods': size=120000Kb used=873Kb max_used=873Kb free=119126Kb
 bounds [0x000001c216f10000, 0x000001c217180000, 0x000001c21e440000]
CodeHeap 'profiled nmethods': size=120000Kb used=4550Kb max_used=4550Kb free=115449Kb
 bounds [0x000001c20f440000, 0x000001c20f8c0000, 0x000001c216970000]
CodeHeap 'non-nmethods': size=5760Kb used=1190Kb max_used=1212Kb free=4569Kb
 bounds [0x000001c216970000, 0x000001c216be0000, 0x000001c216f10000]
 total_blobs=2774 nmethods=2283 adapters=405
 compilation: enabled
              stopped_count=0, restarted_count=0
 full_count=0

Compilation events (20 events):
Event: 2.914 Thread 0x000001c225f31fe0 nmethod 2273 0x000001c20f8af890 code [0x000001c20f8afa60, 0x000001c20f8afdf8]
Event: 2.914 Thread 0x000001c225f31fe0 2274       3       org.eclipse.core.internal.registry.TableReader::getObjectFactory (8 bytes)
Event: 2.914 Thread 0x000001c225f31fe0 nmethod 2274 0x000001c20f8aff90 code [0x000001c20f8b0140, 0x000001c20f8b0348]
Event: 2.914 Thread 0x000001c225f31fe0 2275       3       org.eclipse.core.internal.registry.RegistryObject::<init> (35 bytes)
Event: 2.914 Thread 0x000001c225f31fe0 nmethod 2275 0x000001c20f8b0490 code [0x000001c20f8b0640, 0x000001c20f8b08d8]
Event: 2.915 Thread 0x000001c225f31fe0 2276       3       org.eclipse.core.internal.registry.RegistryObject::setExtraDataOffset (71 bytes)
Event: 2.915 Thread 0x000001c225f31fe0 nmethod 2276 0x000001c20f8b0a10 code [0x000001c20f8b0bc0, 0x000001c20f8b0e68]
Event: 2.916 Thread 0x000001c225f31fe0 2277       1       java.lang.reflect.Constructor::getConstructorAccessor (5 bytes)
Event: 2.916 Thread 0x000001c225f31fe0 nmethod 2277 0x000001c216fe9610 code [0x000001c216fe97a0, 0x000001c216fe9878]
Event: 2.916 Thread 0x000001c225f31fe0 2278       1       java.lang.reflect.Constructor::getRoot (5 bytes)
Event: 2.916 Thread 0x000001c225f31fe0 nmethod 2278 0x000001c216fe9910 code [0x000001c216fe9aa0, 0x000001c216fe9b78]
Event: 2.916 Thread 0x000001c225f31fe0 2279       1       jdk.internal.reflect.DelegatingConstructorAccessorImpl::setDelegate (6 bytes)
Event: 2.916 Thread 0x000001c225f31fe0 nmethod 2279 0x000001c216fe9c10 code [0x000001c216fe9da0, 0x000001c216fe9e78]
Event: 2.916 Thread 0x000001c225f31fe0 2280       3       java.lang.reflect.Constructor::setConstructorAccessor (21 bytes)
Event: 2.916 Thread 0x000001c225f31fe0 nmethod 2280 0x000001c20f8b0f90 code [0x000001c20f8b1140, 0x000001c20f8b13a8]
Event: 2.920 Thread 0x000001c225f31fe0 2281       3       jdk.internal.reflect.ConstructorAccessorImpl::<init> (5 bytes)
Event: 2.921 Thread 0x000001c225f31fe0 nmethod 2281 0x000001c20f8b1490 code [0x000001c20f8b1640, 0x000001c20f8b17f8]
Event: 2.922 Thread 0x000001c225f31fe0 2282       1       jdk.internal.reflect.NativeConstructorAccessorImpl::setParent (6 bytes)
Event: 2.922 Thread 0x000001c225f31fe0 nmethod 2282 0x000001c216fe9f10 code [0x000001c216fea0a0, 0x000001c216fea178]
Event: 2.922 Thread 0x000001c225f31fe0 2283   !   3       jdk.internal.reflect.NativeConstructorAccessorImpl::newInstance (122 bytes)

GC Heap History (6 events):
Event: 1.087 GC heap before
{Heap before GC invocations=1 (full 0):
 PSYoungGen      total 29696K, used 25600K [0x00000000eab00000, 0x00000000ecc00000, 0x0000000100000000)
  eden space 25600K, 100% used [0x00000000eab00000,0x00000000ec400000,0x00000000ec400000)
  from space 4096K, 0% used [0x00000000ec800000,0x00000000ec800000,0x00000000ecc00000)
  to   space 4096K, 0% used [0x00000000ec400000,0x00000000ec400000,0x00000000ec800000)
 ParOldGen       total 68608K, used 0K [0x00000000c0000000, 0x00000000c4300000, 0x00000000eab00000)
  object space 68608K, 0% used [0x00000000c0000000,0x00000000c0000000,0x00000000c4300000)
 Metaspace       used 11198K, committed 11392K, reserved 1114112K
  class space    used 1122K, committed 1216K, reserved 1048576K
}
Event: 1.099 GC heap after
{Heap after GC invocations=1 (full 0):
 PSYoungGen      total 29696K, used 3208K [0x00000000eab00000, 0x00000000ecc00000, 0x0000000100000000)
  eden space 25600K, 0% used [0x00000000eab00000,0x00000000eab00000,0x00000000ec400000)
  from space 4096K, 78% used [0x00000000ec400000,0x00000000ec7223a8,0x00000000ec800000)
  to   space 4096K, 0% used [0x00000000ec800000,0x00000000ec800000,0x00000000ecc00000)
 ParOldGen       total 68608K, used 0K [0x00000000c0000000, 0x00000000c4300000, 0x00000000eab00000)
  object space 68608K, 0% used [0x00000000c0000000,0x00000000c0000000,0x00000000c4300000)
 Metaspace       used 11198K, committed 11392K, reserved 1114112K
  class space    used 1122K, committed 1216K, reserved 1048576K
}
Event: 2.042 GC heap before
{Heap before GC invocations=2 (full 0):
 PSYoungGen      total 29696K, used 28808K [0x00000000eab00000, 0x00000000ecc00000, 0x0000000100000000)
  eden space 25600K, 100% used [0x00000000eab00000,0x00000000ec400000,0x00000000ec400000)
  from space 4096K, 78% used [0x00000000ec400000,0x00000000ec7223a8,0x00000000ec800000)
  to   space 4096K, 0% used [0x00000000ec800000,0x00000000ec800000,0x00000000ecc00000)
 ParOldGen       total 68608K, used 0K [0x00000000c0000000, 0x00000000c4300000, 0x00000000eab00000)
  object space 68608K, 0% used [0x00000000c0000000,0x00000000c0000000,0x00000000c4300000)
 Metaspace       used 15068K, committed 15360K, reserved 1114112K
  class space    used 1528K, committed 1664K, reserved 1048576K
}
Event: 2.046 GC heap after
{Heap after GC invocations=2 (full 0):
 PSYoungGen      total 29696K, used 4078K [0x00000000eab00000, 0x00000000ecc00000, 0x0000000100000000)
  eden space 25600K, 0% used [0x00000000eab00000,0x00000000eab00000,0x00000000ec400000)
  from space 4096K, 99% used [0x00000000ec800000,0x00000000ecbfb8a8,0x00000000ecc00000)
  to   space 4096K, 0% used [0x00000000ec400000,0x00000000ec400000,0x00000000ec800000)
 ParOldGen       total 68608K, used 1400K [0x00000000c0000000, 0x00000000c4300000, 0x00000000eab00000)
  object space 68608K, 2% used [0x00000000c0000000,0x00000000c015e380,0x00000000c4300000)
 Metaspace       used 15068K, committed 15360K, reserved 1114112K
  class space    used 1528K, committed 1664K, reserved 1048576K
}
Event: 2.768 GC heap before
{Heap before GC invocations=3 (full 0):
 PSYoungGen      total 29696K, used 29678K [0x00000000eab00000, 0x00000000ecc00000, 0x0000000100000000)
  eden space 25600K, 100% used [0x00000000eab00000,0x00000000ec400000,0x00000000ec400000)
  from space 4096K, 99% used [0x00000000ec800000,0x00000000ecbfb8a8,0x00000000ecc00000)
  to   space 4096K, 0% used [0x00000000ec400000,0x00000000ec400000,0x00000000ec800000)
 ParOldGen       total 68608K, used 1400K [0x00000000c0000000, 0x00000000c4300000, 0x00000000eab00000)
  object space 68608K, 2% used [0x00000000c0000000,0x00000000c015e380,0x00000000c4300000)
 Metaspace       used 19985K, committed 20480K, reserved 1114112K
  class space    used 2021K, committed 2240K, reserved 1048576K
}
Event: 2.773 GC heap after
{Heap after GC invocations=3 (full 0):
 PSYoungGen      total 29696K, used 4066K [0x00000000eab00000, 0x00000000ecc00000, 0x0000000100000000)
  eden space 25600K, 0% used [0x00000000eab00000,0x00000000eab00000,0x00000000ec400000)
  from space 4096K, 99% used [0x00000000ec400000,0x00000000ec7f8a90,0x00000000ec800000)
  to   space 4096K, 0% used [0x00000000ec800000,0x00000000ec800000,0x00000000ecc00000)
 ParOldGen       total 68608K, used 3726K [0x00000000c0000000, 0x00000000c4300000, 0x00000000eab00000)
  object space 68608K, 5% used [0x00000000c0000000,0x00000000c03a3aa0,0x00000000c4300000)
 Metaspace       used 19985K, committed 20480K, reserved 1114112K
  class space    used 2021K, committed 2240K, reserved 1048576K
}

Dll operation events (9 events):
Event: 0.020 Loaded shared library c:\Users\Guille\.vscode\extensions\redhat.java-1.19.0-win32-x64\jre\17.0.7-win32-x86_64\bin\java.dll
Event: 0.240 Loaded shared library c:\Users\Guille\.vscode\extensions\redhat.java-1.19.0-win32-x64\jre\17.0.7-win32-x86_64\bin\zip.dll
Event: 0.245 Loaded shared library C:\Users\Guille\.vscode\extensions\redhat.java-1.19.0-win32-x64\jre\17.0.7-win32-x86_64\bin\instrument.dll
Event: 0.264 Loaded shared library C:\Users\Guille\.vscode\extensions\redhat.java-1.19.0-win32-x64\jre\17.0.7-win32-x86_64\bin\net.dll
Event: 0.267 Loaded shared library C:\Users\Guille\.vscode\extensions\redhat.java-1.19.0-win32-x64\jre\17.0.7-win32-x86_64\bin\nio.dll
Event: 0.279 Loaded shared library C:\Users\Guille\.vscode\extensions\redhat.java-1.19.0-win32-x64\jre\17.0.7-win32-x86_64\bin\zip.dll
Event: 0.294 Loaded shared library C:\Users\Guille\.vscode\extensions\redhat.java-1.19.0-win32-x64\jre\17.0.7-win32-x86_64\bin\jimage.dll
Event: 0.380 Loaded shared library c:\Users\Guille\.vscode\extensions\redhat.java-1.19.0-win32-x64\jre\17.0.7-win32-x86_64\bin\verify.dll
Event: 1.906 Loaded shared library C:\Users\Guille\AppData\Roaming\Code\User\globalStorage\redhat.java\1.19.0\config_win\org.eclipse.equinox.launcher\org.eclipse.equinox.launcher.win32.win32.x86_64_1.2.700.v20221108-1024\eclipse_11801.dll

Deoptimization events (20 events):
Event: 2.835 Thread 0x000001c226e16030 Uncommon trap: trap_request=0xffffffc6 fr.pc=0x000001c216fcbfe8 relative=0x00000000000019c8
Event: 2.835 Thread 0x000001c226e16030 Uncommon trap: reason=bimorphic_or_optimized_type_check action=maybe_recompile pc=0x000001c216fcbfe8 method=java.io.DataInputStream.readUnsignedShort()I @ 4 c2
Event: 2.835 Thread 0x000001c226e16030 DEOPT PACKING pc=0x000001c216fcbfe8 sp=0x000000557a1f9750
Event: 2.835 Thread 0x000001c226e16030 DEOPT UNPACKING pc=0x000001c2169c66a3 sp=0x000000557a1f96c8 mode 2
Event: 2.835 Thread 0x000001c226e16030 Uncommon trap: trap_request=0xffffffc6 fr.pc=0x000001c216fcbfe8 relative=0x00000000000019c8
Event: 2.835 Thread 0x000001c226e16030 Uncommon trap: reason=bimorphic_or_optimized_type_check action=maybe_recompile pc=0x000001c216fcbfe8 method=java.io.DataInputStream.readUnsignedShort()I @ 4 c2
Event: 2.835 Thread 0x000001c226e16030 DEOPT PACKING pc=0x000001c216fcbfe8 sp=0x000000557a1f9750
Event: 2.835 Thread 0x000001c226e16030 DEOPT UNPACKING pc=0x000001c2169c66a3 sp=0x000000557a1f96c8 mode 2
Event: 2.835 Thread 0x000001c226e16030 Uncommon trap: trap_request=0xffffffc6 fr.pc=0x000001c216fcbfe8 relative=0x00000000000019c8
Event: 2.835 Thread 0x000001c226e16030 Uncommon trap: reason=bimorphic_or_optimized_type_check action=maybe_recompile pc=0x000001c216fcbfe8 method=java.io.DataInputStream.readUnsignedShort()I @ 4 c2
Event: 2.835 Thread 0x000001c226e16030 DEOPT PACKING pc=0x000001c216fcbfe8 sp=0x000000557a1f9750
Event: 2.835 Thread 0x000001c226e16030 DEOPT UNPACKING pc=0x000001c2169c66a3 sp=0x000000557a1f96c8 mode 2
Event: 2.882 Thread 0x000001c226e16030 Uncommon trap: trap_request=0xffffff45 fr.pc=0x000001c216f72c0c relative=0x00000000000001ec
Event: 2.882 Thread 0x000001c226e16030 Uncommon trap: reason=unstable_if action=reinterpret pc=0x000001c216f72c0c method=java.net.URI$Parser.scan(IIJJ)I @ 42 c2
Event: 2.882 Thread 0x000001c226e16030 DEOPT PACKING pc=0x000001c216f72c0c sp=0x000000557a1f93c0
Event: 2.882 Thread 0x000001c226e16030 DEOPT UNPACKING pc=0x000001c2169c66a3 sp=0x000000557a1f9340 mode 2
Event: 2.912 Thread 0x000001c226e16030 Uncommon trap: trap_request=0xffffff45 fr.pc=0x000001c216f9e340 relative=0x0000000000000040
Event: 2.912 Thread 0x000001c226e16030 Uncommon trap: reason=unstable_if action=reinterpret pc=0x000001c216f9e340 method=sun.nio.fs.WindowsPathParser.isSlash(C)Z @ 9 c2
Event: 2.912 Thread 0x000001c226e16030 DEOPT PACKING pc=0x000001c216f9e340 sp=0x000000557a1f91c0
Event: 2.912 Thread 0x000001c226e16030 DEOPT UNPACKING pc=0x000001c2169c66a3 sp=0x000000557a1f9148 mode 2

Classes unloaded (0 events):
No events

Classes redefined (0 events):
No events

Internal exceptions (20 events):
Event: 1.057 Thread 0x000001c20afb2750 Exception <a 'java/lang/NoSuchMethodError'{0x00000000ec319360}: 'int java.lang.invoke.DirectMethodHandle$Holder.invokeStaticInit(java.lang.Object, java.lang.Object)'> (0x00000000ec319360) 
thrown [s\src\hotspot\share\interpreter\linkResolver.cpp, line 759]
Event: 1.106 Thread 0x000001c20afb2750 Exception <a 'java/lang/NoSuchMethodError'{0x00000000eab5ddc8}: 'void java.lang.invoke.DirectMethodHandle$Holder.invokeSpecial(java.lang.Object, java.lang.Object, java.lang.Object)'> (0x00000000eab5ddc8) 
thrown [s\src\hotspot\share\interpreter\linkResolver.cpp, line 759]
Event: 1.560 Thread 0x000001c20afb2750 Exception <a 'java/lang/NoSuchMethodError'{0x00000000eb85d520}: 'java.lang.Object java.lang.invoke.DirectMethodHandle$Holder.newInvokeSpecial(java.lang.Object, int, java.lang.Object)'> (0x00000000eb85d520) 
thrown [s\src\hotspot\share\interpreter\linkResolver.cpp, line 759]
Event: 1.897 Thread 0x000001c20afb2750 Exception <a 'java/lang/UnsatisfiedLinkError'{0x00000000ebdd9e18}: 'void org.eclipse.equinox.launcher.JNIBridge._update_splash()'> (0x00000000ebdd9e18) 
thrown [s\src\hotspot\share\prims\nativeLookup.cpp, line 543]
Event: 1.951 Thread 0x000001c226e16030 Exception <a 'java/lang/NoSuchMethodError'{0x00000000ec0ab010}: 'java.lang.Object java.lang.invoke.DirectMethodHandle$Holder.invokeStaticInit(java.lang.Object)'> (0x00000000ec0ab010) 
thrown [s\src\hotspot\share\interpreter\linkResolver.cpp, line 759]
Event: 2.199 Thread 0x000001c226e16030 Exception <a 'java/io/FileNotFoundException'{0x00000000eb39e7e0}> (0x00000000eb39e7e0) 
thrown [s\src\hotspot\share\prims\jni.cpp, line 516]
Event: 2.211 Thread 0x000001c226e16030 Exception <a 'java/lang/NullPointerException'{0x00000000eb3f4898}> (0x00000000eb3f4898) 
thrown [s\src\hotspot\share\interpreter\linkResolver.cpp, line 1350]
Event: 2.211 Thread 0x000001c226e16030 Exception <a 'java/lang/NullPointerException'{0x00000000eb3f50c0}> (0x00000000eb3f50c0) 
thrown [s\src\hotspot\share\interpreter\linkResolver.cpp, line 1350]
Event: 2.340 Thread 0x000001c226e16030 Exception <a 'java/lang/NoSuchMethodError'{0x00000000eb73b278}: 'java.lang.Object java.lang.invoke.Invokers$Holder.invokeExact_MT(java.lang.Object, java.lang.Object, java.lang.Object, java.lang.Object, java.lang.Object, java.lang.Object)'> (0x00000000eb73b278) 
thrown [s\src\hotspot\share\interpreter\linkResolver.cpp, line 759]
Event: 2.562 Thread 0x000001c226e16030 Exception <a 'java/lang/NoSuchMethodError'{0x00000000ebd963a0}: 'void java.lang.invoke.DirectMethodHandle$Holder.invokeInterface(java.lang.Object, java.lang.Object, java.lang.Object)'> (0x00000000ebd963a0) 
thrown [s\src\hotspot\share\interpreter\linkResolver.cpp, line 759]
Event: 2.659 Thread 0x000001c226e16030 Exception <a 'java/lang/NoSuchMethodError'{0x00000000ec192a78}: 'java.lang.Object java.lang.invoke.DirectMethodHandle$Holder.invokeStatic(java.lang.Object, java.lang.Object, int)'> (0x00000000ec192a78) 
thrown [s\src\hotspot\share\interpreter\linkResolver.cpp, line 759]
Event: 2.660 Thread 0x000001c226e16030 Exception <a 'java/lang/NoSuchMethodError'{0x00000000ec197628}: 'void java.lang.invoke.DirectMethodHandle$Holder.invokeStatic(java.lang.Object, java.lang.Object, int, java.lang.Object)'> (0x00000000ec197628) 
thrown [s\src\hotspot\share\interpreter\linkResolver.cpp, line 759]
Event: 2.660 Thread 0x000001c226e16030 Exception <a 'java/lang/NoSuchMethodError'{0x00000000ec19ed58}: 'void java.lang.invoke.DelegatingMethodHandle$Holder.delegate(java.lang.Object, java.lang.Object, int, java.lang.Object)'> (0x00000000ec19ed58) 
thrown [s\src\hotspot\share\interpreter\linkResolver.cpp, line 759]
Event: 2.661 Thread 0x000001c226e16030 Exception <a 'java/lang/NoSuchMethodError'{0x00000000ec1a3140}: 'int java.lang.invoke.DirectMethodHandle$Holder.invokeSpecial(java.lang.Object, java.lang.Object, java.lang.Object)'> (0x00000000ec1a3140) 
thrown [s\src\hotspot\share\interpreter\linkResolver.cpp, line 759]
Event: 2.662 Thread 0x000001c226e16030 Exception <a 'java/lang/NoSuchMethodError'{0x00000000ec1b3a68}: 'int java.lang.invoke.DirectMethodHandle$Holder.invokeStatic(java.lang.Object, java.lang.Object, int)'> (0x00000000ec1b3a68) 
thrown [s\src\hotspot\share\interpreter\linkResolver.cpp, line 759]
Event: 2.662 Thread 0x000001c226e16030 Exception <a 'java/lang/NoSuchMethodError'{0x00000000ec1b7e60}: 'int java.lang.invoke.DirectMethodHandle$Holder.invokeSpecial(java.lang.Object, java.lang.Object, java.lang.Object, int)'> (0x00000000ec1b7e60) 
thrown [s\src\hotspot\share\interpreter\linkResolver.cpp, line 759]
Event: 2.664 Thread 0x000001c226e16030 Exception <a 'java/lang/NoSuchMethodError'{0x00000000ec1d29e0}: 'java.lang.Object java.lang.invoke.DirectMethodHandle$Holder.invokeStatic(java.lang.Object, java.lang.Object, java.lang.Object, java.lang.Object, int)'> (0x00000000ec1d29e0) 
thrown [s\src\hotspot\share\interpreter\linkResolver.cpp, line 759]
Event: 2.665 Thread 0x000001c226e16030 Exception <a 'java/lang/NoSuchMethodError'{0x00000000ec1dec30}: 'java.lang.Object java.lang.invoke.DelegatingMethodHandle$Holder.reinvoke_L(java.lang.Object, java.lang.Object, java.lang.Object, java.lang.Object, int, int)'> (0x00000000ec1dec30) 
thrown [s\src\hotspot\share\interpreter\linkResolver.cpp, line 759]
Event: 2.667 Thread 0x000001c226e16030 Exception <a 'java/lang/NoSuchMethodError'{0x00000000ec1f6918}: 'java.lang.Object java.lang.invoke.Invokers$Holder.invokeExact_MT(java.lang.Object, java.lang.Object, java.lang.Object, java.lang.Object)'> (0x00000000ec1f6918) 
thrown [s\src\hotspot\share\interpreter\linkResolver.cpp, line 759]
Event: 2.872 Thread 0x000001c226e16030 Exception <a 'java/lang/NoSuchMethodError'{0x00000000eadcd910}: 'java.lang.Object java.lang.invoke.DirectMethodHandle$Holder.newInvokeSpecial(java.lang.Object, java.lang.Object, java.lang.Object, java.lang.Object, java.lang.Object)'> (0x00000000eadcd910) 
thrown [s\src\hotspot\share\interpreter\linkResolver.cpp, line 759]

VM Operations (20 events):
Event: 1.540 Executing VM operation: HandshakeAllThreads
Event: 1.540 Executing VM operation: HandshakeAllThreads done
Event: 1.552 Executing VM operation: HandshakeAllThreads
Event: 1.553 Executing VM operation: HandshakeAllThreads done
Event: 1.972 Executing VM operation: HandshakeAllThreads
Event: 1.972 Executing VM operation: HandshakeAllThreads done
Event: 2.032 Executing VM operation: ICBufferFull
Event: 2.032 Executing VM operation: ICBufferFull done
Event: 2.042 Executing VM operation: ParallelGCFailedAllocation
Event: 2.046 Executing VM operation: ParallelGCFailedAllocation done
Event: 2.455 Executing VM operation: HandshakeAllThreads
Event: 2.455 Executing VM operation: HandshakeAllThreads done
Event: 2.525 Executing VM operation: HandshakeAllThreads
Event: 2.525 Executing VM operation: HandshakeAllThreads done
Event: 2.528 Executing VM operation: HandshakeAllThreads
Event: 2.528 Executing VM operation: HandshakeAllThreads done
Event: 2.659 Executing VM operation: HandshakeAllThreads
Event: 2.659 Executing VM operation: HandshakeAllThreads done
Event: 2.768 Executing VM operation: ParallelGCFailedAllocation
Event: 2.773 Executing VM operation: ParallelGCFailedAllocation done

Events (20 events):
Event: 2.827 loading class java/util/concurrent/ExecutionException
Event: 2.827 loading class java/util/concurrent/ExecutionException done
Event: 2.872 loading class java/io/FilenameFilter
Event: 2.872 loading class java/io/FilenameFilter done
Event: 2.890 loading class java/nio/file/FileAlreadyExistsException
Event: 2.890 loading class java/nio/file/FileSystemException
Event: 2.890 loading class java/nio/file/FileSystemException done
Event: 2.890 loading class java/nio/file/FileAlreadyExistsException done
Event: 2.890 loading class java/nio/file/AccessDeniedException
Event: 2.890 loading class java/nio/file/AccessDeniedException done
Event: 2.890 loading class java/nio/file/NoSuchFileException
Event: 2.890 loading class java/nio/file/NoSuchFileException done
Event: 2.890 loading class java/nio/file/DirectoryNotEmptyException
Event: 2.891 loading class java/nio/file/DirectoryNotEmptyException done
Event: 2.905 loading class java/nio/file/attribute/DosFileAttributeView
Event: 2.905 loading class java/nio/file/attribute/DosFileAttributeView done
Event: 2.905 loading class sun/nio/fs/WindowsFileAttributeViews$Dos
Event: 2.905 loading class sun/nio/fs/WindowsFileAttributeViews$Dos done
Event: 2.911 loading class sun/nio/fs/WindowsUriSupport
Event: 2.912 loading class sun/nio/fs/WindowsUriSupport done


Dynamic libraries:
0x00007ff76b2e0000 - 0x00007ff76b2ee000 	c:\Users\Guille\.vscode\extensions\redhat.java-1.19.0-win32-x64\jre\17.0.7-win32-x86_64\bin\java.exe
0x00007fffabb90000 - 0x00007fffabd88000 	C:\WINDOWS\SYSTEM32\ntdll.dll
0x00007fff89e10000 - 0x00007fff89e29000 	C:\Program Files\AVAST Software\Avast\aswhook.dll
0x00007fffa9c10000 - 0x00007fffa9ccf000 	C:\WINDOWS\System32\KERNEL32.DLL
0x00007fffa9450000 - 0x00007fffa9746000 	C:\WINDOWS\System32\KERNELBASE.dll
0x00007fffa9a00000 - 0x00007fffa9b00000 	C:\WINDOWS\System32\ucrtbase.dll
0x00007fff9ae60000 - 0x00007fff9ae77000 	c:\Users\Guille\.vscode\extensions\redhat.java-1.19.0-win32-x64\jre\17.0.7-win32-x86_64\bin\jli.dll
0x00007fffab830000 - 0x00007fffab9cd000 	C:\WINDOWS\System32\USER32.dll
0x00007fffa9420000 - 0x00007fffa9442000 	C:\WINDOWS\System32\win32u.dll
0x00007fffaa760000 - 0x00007fffaa78c000 	C:\WINDOWS\System32\GDI32.dll
0x00007fffa9270000 - 0x00007fffa9385000 	C:\WINDOWS\System32\gdi32full.dll
0x00007fffa9960000 - 0x00007fffa99fd000 	C:\WINDOWS\System32\msvcp_win.dll
0x00007fff803a0000 - 0x00007fff803b9000 	c:\Users\Guille\.vscode\extensions\redhat.java-1.19.0-win32-x64\jre\17.0.7-win32-x86_64\bin\VCRUNTIME140.dll
0x00007fff96070000 - 0x00007fff9630a000 	C:\WINDOWS\WinSxS\amd64_microsoft.windows.common-controls_6595b64144ccf1df_6.0.19041.1110_none_60b5254171f9507e\COMCTL32.dll
0x00007fffab2b0000 - 0x00007fffab34e000 	C:\WINDOWS\System32\msvcrt.dll
0x00007fffaa790000 - 0x00007fffaa7c0000 	C:\WINDOWS\System32\IMM32.DLL
0x00007fffa3a60000 - 0x00007fffa3a6c000 	c:\Users\Guille\.vscode\extensions\redhat.java-1.19.0-win32-x64\jre\17.0.7-win32-x86_64\bin\vcruntime140_1.dll
0x00007fff6f1b0000 - 0x00007fff6f241000 	c:\Users\Guille\.vscode\extensions\redhat.java-1.19.0-win32-x64\jre\17.0.7-win32-x86_64\bin\msvcp140.dll
0x00007fff5f450000 - 0x00007fff60098000 	c:\Users\Guille\.vscode\extensions\redhat.java-1.19.0-win32-x64\jre\17.0.7-win32-x86_64\bin\server\jvm.dll
0x00007fffab0f0000 - 0x00007fffab19f000 	C:\WINDOWS\System32\ADVAPI32.dll
0x00007fffab790000 - 0x00007fffab82c000 	C:\WINDOWS\System32\sechost.dll
0x00007fffa9ed0000 - 0x00007fffa9ff6000 	C:\WINDOWS\System32\RPCRT4.dll
0x00007fffa0540000 - 0x00007fffa0549000 	C:\WINDOWS\SYSTEM32\WSOCK32.dll
0x00007fffabae0000 - 0x00007fffabb4b000 	C:\WINDOWS\System32\WS2_32.dll
0x00007fff97e60000 - 0x00007fff97e87000 	C:\WINDOWS\SYSTEM32\WINMM.dll
0x00007fffa3590000 - 0x00007fffa359a000 	C:\WINDOWS\SYSTEM32\VERSION.dll
0x00007fffa7140000 - 0x00007fffa7152000 	C:\WINDOWS\SYSTEM32\kernel.appcore.dll
0x00007fffa2660000 - 0x00007fffa266a000 	c:\Users\Guille\.vscode\extensions\redhat.java-1.19.0-win32-x64\jre\17.0.7-win32-x86_64\bin\jimage.dll
0x00007fffa1320000 - 0x00007fffa1504000 	C:\WINDOWS\SYSTEM32\DBGHELP.DLL
0x00007fffa1b40000 - 0x00007fffa1b74000 	C:\WINDOWS\SYSTEM32\dbgcore.DLL
0x00007fffa9390000 - 0x00007fffa9412000 	C:\WINDOWS\System32\bcryptPrimitives.dll
0x00007fffa2250000 - 0x00007fffa225e000 	c:\Users\Guille\.vscode\extensions\redhat.java-1.19.0-win32-x64\jre\17.0.7-win32-x86_64\bin\instrument.dll
0x00007fff71b30000 - 0x00007fff71b55000 	c:\Users\Guille\.vscode\extensions\redhat.java-1.19.0-win32-x64\jre\17.0.7-win32-x86_64\bin\java.dll
0x00007fff7bdd0000 - 0x00007fff7bde8000 	c:\Users\Guille\.vscode\extensions\redhat.java-1.19.0-win32-x64\jre\17.0.7-win32-x86_64\bin\zip.dll
0x00007fffaa8b0000 - 0x00007fffaaff4000 	C:\WINDOWS\System32\SHELL32.dll
0x00007fffa7340000 - 0x00007fffa7ad3000 	C:\WINDOWS\SYSTEM32\windows.storage.dll
0x00007fffab350000 - 0x00007fffab6a4000 	C:\WINDOWS\System32\combase.dll
0x00007fffa8be0000 - 0x00007fffa8c0e000 	C:\WINDOWS\SYSTEM32\Wldp.dll
0x00007fffab1a0000 - 0x00007fffab24d000 	C:\WINDOWS\System32\SHCORE.dll
0x00007fffab250000 - 0x00007fffab2a5000 	C:\WINDOWS\System32\shlwapi.dll
0x00007fffa91b0000 - 0x00007fffa91cf000 	C:\WINDOWS\SYSTEM32\profapi.dll
0x00007fff71b10000 - 0x00007fff71b29000 	C:\Users\Guille\.vscode\extensions\redhat.java-1.19.0-win32-x64\jre\17.0.7-win32-x86_64\bin\net.dll
0x00007fffa1d90000 - 0x00007fffa1e9a000 	C:\WINDOWS\SYSTEM32\WINHTTP.dll
0x00007fffa8940000 - 0x00007fffa89aa000 	C:\WINDOWS\system32\mswsock.dll
0x00007fff71af0000 - 0x00007fff71b05000 	C:\Users\Guille\.vscode\extensions\redhat.java-1.19.0-win32-x64\jre\17.0.7-win32-x86_64\bin\nio.dll
0x00007fff974d0000 - 0x00007fff974e0000 	c:\Users\Guille\.vscode\extensions\redhat.java-1.19.0-win32-x64\jre\17.0.7-win32-x86_64\bin\verify.dll
0x00007fff6f170000 - 0x00007fff6f1ae000 	C:\Users\Guille\AppData\Roaming\Code\User\globalStorage\redhat.java\1.19.0\config_win\org.eclipse.equinox.launcher\org.eclipse.equinox.launcher.win32.win32.x86_64_1.2.700.v20221108-1024\eclipse_11801.dll
0x00007fffaa010000 - 0x00007fffaa13a000 	C:\WINDOWS\System32\ole32.dll

dbghelp: loaded successfully - version: 4.0.5 - missing functions: none
symbol engine: initialized successfully - sym options: 0x614 - pdb path: .;c:\Users\Guille\.vscode\extensions\redhat.java-1.19.0-win32-x64\jre\17.0.7-win32-x86_64\bin;C:\WINDOWS\SYSTEM32;C:\Program Files\AVAST Software\Avast;C:\WINDOWS\WinSxS\amd64_microsoft.windows.common-controls_6595b64144ccf1df_6.0.19041.1110_none_60b5254171f9507e;c:\Users\Guille\.vscode\extensions\redhat.java-1.19.0-win32-x64\jre\17.0.7-win32-x86_64\bin\server;C:\Users\Guille\AppData\Roaming\Code\User\globalStorage\redhat.java\1.19.0\config_win\org.eclipse.equinox.launcher\org.eclipse.equinox.launcher.win32.win32.x86_64_1.2.700.v20221108-1024

VM Arguments:
jvm_args: --add-modules=ALL-SYSTEM --add-opens=java.base/java.util=ALL-UNNAMED --add-opens=java.base/java.lang=ALL-UNNAMED --add-opens=java.base/sun.nio.fs=ALL-UNNAMED -Declipse.application=org.eclipse.jdt.ls.core.id1 -Dosgi.bundles.defaultStartLevel=4 -Declipse.product=org.eclipse.jdt.ls.core.product -Djava.import.generatesMetadataFilesAtProjectRoot=false -Dfile.encoding=utf8 -XX:+UseParallelGC -XX:GCTimeRatio=4 -XX:AdaptiveSizePolicyWeight=90 -Dsun.zip.disableMemoryMapping=true -Xmx1G -Xms100m -Xlog:disable -javaagent:c:\Users\Guille\.vscode\extensions\redhat.java-1.19.0-win32-x64\lombok\lombok-1.18.28.jar -XX:+HeapDumpOnOutOfMemoryError -XX:HeapDumpPath=c:\Users\Guille\AppData\Roaming\Code\User\workspaceStorage\18b49e71bce68521c355dde5f143f37c\redhat.java -Daether.dependencyCollector.impl=bf 
java_command: c:\Users\Guille\.vscode\extensions\redhat.java-1.19.0-win32-x64\server\plugins\org.eclipse.equinox.launcher_1.6.400.v20210924-0641.jar -configuration c:\Users\Guille\AppData\Roaming\Code\User\globalStorage\redhat.java\1.19.0\config_win -data c:\Users\Guille\AppData\Roaming\Code\User\workspaceStorage\18b49e71bce68521c355dde5f143f37c\redhat.java\jdt_ws
java_class_path (initial): c:\Users\Guille\.vscode\extensions\redhat.java-1.19.0-win32-x64\server\plugins\org.eclipse.equinox.launcher_1.6.400.v20210924-0641.jar
Launcher Type: SUN_STANDARD

[Global flags]
    uintx AdaptiveSizePolicyWeight                 = 90                                        {product} {command line}
     intx CICompilerCount                          = 3                                         {product} {ergonomic}
    uintx GCTimeRatio                              = 4                                         {product} {command line}
     bool HeapDumpOnOutOfMemoryError               = true                                   {manageable} {command line}
    ccstr HeapDumpPath                             = c:\Users\Guille\AppData\Roaming\Code\User\workspaceStorage\18b49e71bce68521c355dde5f143f37c\redhat.java         {manageable} {command line}
   size_t InitialHeapSize                          = 104857600                                 {product} {command line}
   size_t MaxHeapSize                              = 1073741824                                {product} {command line}
   size_t MaxNewSize                               = 357564416                                 {product} {ergonomic}
   size_t MinHeapDeltaBytes                        = 524288                                    {product} {ergonomic}
   size_t MinHeapSize                              = 104857600                                 {product} {command line}
   size_t NewSize                                  = 34603008                                  {product} {ergonomic}
    uintx NonNMethodCodeHeapSize                   = 5832780                                {pd product} {ergonomic}
    uintx NonProfiledCodeHeapSize                  = 122912730                              {pd product} {ergonomic}
   size_t OldSize                                  = 70254592                                  {product} {ergonomic}
    uintx ProfiledCodeHeapSize                     = 122912730                              {pd product} {ergonomic}
    uintx ReservedCodeCacheSize                    = 251658240                              {pd product} {ergonomic}
     bool SegmentedCodeCache                       = true                                      {product} {ergonomic}
   size_t SoftMaxHeapSize                          = 1073741824                             {manageable} {ergonomic}
     bool UseCompressedClassPointers               = true                           {product lp64_product} {ergonomic}
     bool UseCompressedOops                        = true                           {product lp64_product} {ergonomic}
     bool UseLargePagesIndividualAllocation        = false                                  {pd product} {ergonomic}
     bool UseParallelGC                            = true                                      {product} {command line}

Logging:
Log output configuration:
 #0: stdout all=off uptime,level,tags
 #1: stderr all=off uptime,level,tags

Environment Variables:
JAVA_HOME=C:\Program Files\Java\jdk1.8.0_111
PATH=C:\Python311\Scripts\;C:\Python311\;C:\Program Files (x86)\Common Files\Oracle\Java\javapath;C:\ProgramData\Oracle\Java\javapath;C:\WINDOWS\system32;C:\WINDOWS;C:\WINDOWS\System32\Wbem;C:\WINDOWS\System32\WindowsPowerShell\v1.0\;C:\WINDOWS\System32\OpenSSH\;C:\Program Files\dotnet\;C:\Program Files\Git\cmd;C:\Program Files\Java\jdk1.8.0_111\bin;C:\Program Files\Java\apache-maven-3.8.2\bin;C:\Program Files\Java\jdk1.8.0_111\bin;C:\Program Files\Java\jre1.8.0_361\bin;C:\Program Files\nodejs\;C:\ProgramData\chocolatey\bin;C:\Users\Guille\AppData\Local\Microsoft\WindowsApps;C:\Users\Guille\AppData\Local\Programs\Microsoft VS Code\bin;C:\Users\Guille\AppData\Roaming\npm;C:\Program Files\JetBrains\IntelliJ IDEA Community Edition 2023.1.1\bin;;C:\Python311\;C:\Python311\Scripts;
USERNAME=Guille
OS=Windows_NT
PROCESSOR_IDENTIFIER=Intel64 Family 6 Model 58 Stepping 9, GenuineIntel
TMP=C:\Users\Guille\AppData\Local\Temp
TEMP=C:\Users\Guille\AppData\Local\Temp



---------------  S Y S T E M  ---------------

OS:
 Windows 10 , 64 bit Build 19041 (10.0.19041.3031)
OS uptime: 7 days 2:33 hours

CPU: total 4 (initial active 4) (4 cores per cpu, 1 threads per core) family 6 model 58 stepping 9 microcode 0x21, cx8, cmov, fxsr, mmx, sse, sse2, sse3, ssse3, sse4.1, sse4.2, popcnt, tsc, tscinvbit, avx, aes, erms, clmul, vzeroupper, clflush

Memory: 4k page, system-wide physical 16259M (4559M free)
TotalPageFile size 19187M (AvailPageFile size 0M)
current process WorkingSet (physical memory assigned to process): 106M, peak: 106M
current process commit charge ("private bytes"): 205M, peak: 205M

vm_info: OpenJDK 64-Bit Server VM (17.0.7+7) for windows-amd64 JRE (17.0.7+7), built on Apr 18 2023 22:10:42 by "temurin" with MS VC++ 16.7 (VS2019)

END.
